Base path: '/Users/leehyungeun/Desktop/gameDevelop/2019.3.11f1/Unity.app/Contents', plugins path '/Users/leehyungeun/Desktop/gameDevelop/2019.3.11f1/PlaybackEngines'
Cmd: initializeCompiler
Cmd: preprocessCompute
  insize=6746 outsize=6748 ok=1
Cmd: preprocessCompute
  insize=8027 outsize=8029 ok=1
Cmd: preprocess
  insize=38844 outsize=657 ok=1
Cmd: preprocessCompute
  insize=7020 outsize=7022 ok=1
Cmd: preprocessCompute
  insize=8321 outsize=8323 ok=1
Cmd: preprocess
  insize=40789 outsize=659 ok=1
Cmd: preprocessCompute
  insize=6635 outsize=6637 ok=1
Cmd: preprocessCompute
  insize=5799 outsize=5801 ok=1
Cmd: preprocess
  insize=41101 outsize=657 ok=1
Cmd: preprocessCompute
  insize=5811 outsize=5813 ok=1
Cmd: preprocess
  insize=41115 outsize=656 ok=1
Cmd: preprocessCompute
  insize=6632 outsize=6634 ok=1
Cmd: preprocessCompute
  insize=6790 outsize=6792 ok=1
Cmd: preprocessCompute
  insize=7969 outsize=7971 ok=1
Cmd: preprocess
  insize=38770 outsize=656 ok=1
Cmd: preprocessCompute
  insize=7135 outsize=7137 ok=1
Cmd: preprocessCompute
  insize=8284 outsize=8286 ok=1
Cmd: preprocess
  insize=40730 outsize=659 ok=1
Cmd: preprocessCompute
  insize=6703 outsize=6705 ok=1
Cmd: preprocessCompute
  insize=5799 outsize=5801 ok=1
Cmd: preprocess
  insize=41037 outsize=657 ok=1
Cmd: preprocessCompute
  insize=5811 outsize=5813 ok=1
Cmd: preprocess
  insize=41051 outsize=658 ok=1
Cmd: preprocessCompute
  insize=6708 outsize=6710 ok=1
Cmd: preprocessCompute
  insize=6790 outsize=6792 ok=1
Cmd: preprocessCompute
  insize=7969 outsize=7971 ok=1
Cmd: preprocess
  insize=38770 outsize=656 ok=1
Cmd: preprocessCompute
  insize=7135 outsize=7137 ok=1
Cmd: preprocessCompute
  insize=8284 outsize=8286 ok=1
Cmd: preprocess
  insize=40730 outsize=659 ok=1
Cmd: preprocessCompute
  insize=6707 outsize=6709 ok=1
Cmd: compileComputeKernel
  api=14 insize=6709 outsize=3893 ok=1
Cmd: translateComputeKernel
  api=14 insize=3893 outsize=6806 ok=1
Cmd: preprocessCompute
  insize=5813 outsize=5815 ok=1
Cmd: preprocess
  insize=41051 outsize=657 ok=1
Cmd: preprocessCompute
  insize=5811 outsize=5813 ok=1
Cmd: preprocess
  insize=41051 outsize=658 ok=1
Cmd: preprocessCompute
  insize=6708 outsize=6710 ok=1
Cmd: preprocessCompute
  insize=6746 outsize=6748 ok=1
Cmd: preprocessCompute
  insize=8027 outsize=8029 ok=1
Cmd: preprocess
  insize=38844 outsize=657 ok=1
Cmd: preprocessCompute
  insize=7020 outsize=7022 ok=1
Cmd: preprocessCompute
  insize=8321 outsize=8323 ok=1
Cmd: preprocess
  insize=40789 outsize=659 ok=1
Cmd: preprocessCompute
  insize=6639 outsize=6641 ok=1
Cmd: compileComputeKernel
  api=14 insize=6641 outsize=3328 ok=1
Cmd: preprocessCompute
  insize=5813 outsize=5815 ok=1
Cmd: preprocess
  insize=41115 outsize=658 ok=1
Cmd: preprocessCompute
  insize=5811 outsize=5813 ok=1
Cmd: preprocess
  insize=41115 outsize=656 ok=1
Cmd: preprocessCompute
  insize=6632 outsize=6634 ok=1
Cmd: preprocessCompute
  insize=6746 outsize=6748 ok=1
Cmd: preprocessCompute
  insize=8027 outsize=8029 ok=1
Cmd: preprocess
  insize=38844 outsize=657 ok=1
Cmd: preprocessCompute
  insize=7020 outsize=7022 ok=1
Cmd: preprocessCompute
  insize=8321 outsize=8323 ok=1
Cmd: preprocess
  insize=40789 outsize=659 ok=1
Cmd: preprocessCompute
  insize=6639 outsize=6641 ok=1
Cmd: preprocessCompute
  insize=5813 outsize=5815 ok=1
Cmd: preprocess
  insize=41115 outsize=658 ok=1
Cmd: preprocessCompute
  insize=5811 outsize=5813 ok=1
Cmd: preprocess
  insize=41115 outsize=656 ok=1
Cmd: preprocessCompute
  insize=6632 outsize=6634 ok=1
